2018-08-23 19:30:27.432 [main] INFO  com.yanzi.study.StudyApplication - Starting StudyApplication on LAPTOP-2RA86A54 with PID 8440 (D:\open\git\github\springboot_test\study_twelve_logBack\target\classes started by admin in D:\open\git\github\springboot_test\study_twelve_logBack)
2018-08-23 19:30:27.437 [main] INFO  com.yanzi.study.StudyApplication - No active profile set, falling back to default profiles: default
2018-08-23 19:30:27.505 [main] INFO  o.s.b.w.s.c.AnnotationConfigServletWebServerApplicationContext - Refreshing org.springframework.boot.web.servlet.context.AnnotationConfigServletWebServerApplicationContext@3e821657: startup date [Thu Aug 23 19:30:27 CST 2018]; root of context hierarchy
2018-08-23 19:30:28.599 [main] INFO  o.s.boot.web.embedded.tomcat.TomcatWebServer - Tomcat initialized with port(s): 8080 (http)
2018-08-23 19:30:28.610 [main] INFO  org.apache.coyote.http11.Http11NioProtocol - Initializing ProtocolHandler ["http-nio-8080"]
2018-08-23 19:30:28.618 [main] INFO  org.apache.catalina.core.StandardService - Starting service [Tomcat]
2018-08-23 19:30:28.618 [main] INFO  org.apache.catalina.core.StandardEngine - Starting Servlet Engine: Apache Tomcat/8.5.32
2018-08-23 19:30:28.623 [localhost-startStop-1] INFO  org.apache.catalina.core.AprLifecycleListener - The APR based Apache Tomcat Native library which allows optimal performance in production environments was not found on the java.library.path: [C:\Program Files\Java\jdk1.8.0_152\bin;C:\WINDOWS\Sun\Java\bin;C:\WINDOWS\system32;C:\WINDOWS;C:\ProgramData\Oracle\Java\javapath;C:\Program Files (x86)\Intel\iCLS Client\;C:\Program Files\Intel\iCLS Client\;C:\WINDOWS\system32;C:\WINDOWS;C:\WINDOWS\System32\Wbem;C:\WINDOWS\System32\WindowsPowerShell\v1.0\;C:\Program Files (x86)\Intel\Intel(R) Management Engine Components\DAL;C:\Program Files\Intel\Intel(R) Management Engine Components\DAL;C:\Program Files (x86)\Intel\Intel(R) Management Engine Components\IPT;C:\Program Files\Intel\Intel(R) Management Engine Components\IPT;D:\open\maven\apache-maven-3.5.0-bin\apache-maven-3.5.0\bin;D:\open\git\Git\cmd;D:\open\mysql\mysql-5.6.38-winx64\bin;C:\WINDOWS\System32\OpenSSH\;C:\Program Files\Intel\WiFi\bin\;C:\Program Files\Common Files\Intel\WirelessCommon\;"C:\Users\admin\AppData\Local\Microsoft\WindowsApps;C:\Program Files\Java\jdk1.8.0_152\bin;D:\open\maven\apache-maven-3.5.0-bin\apache-maven-3.5.0\bin;";;C:\Users\admin\AppData\Local\Microsoft\WindowsApps;.]
2018-08-23 19:30:28.711 [localhost-startStop-1] INFO  o.a.c.core.ContainerBase.[Tomcat].[localhost].[/] - Initializing Spring embedded WebApplicationContext
2018-08-23 19:30:28.712 [localhost-startStop-1] INFO  org.springframework.web.context.ContextLoader - Root WebApplicationContext: initialization completed in 1207 ms
2018-08-23 19:30:28.777 [localhost-startStop-1] INFO  o.s.boot.web.servlet.ServletRegistrationBean - Servlet dispatcherServlet mapped to [/]
2018-08-23 19:30:28.783 [localhost-startStop-1] INFO  o.s.boot.web.servlet.FilterRegistrationBean - Mapping filter: 'characterEncodingFilter' to: [/*]
2018-08-23 19:30:28.784 [localhost-startStop-1] INFO  o.s.boot.web.servlet.FilterRegistrationBean - Mapping filter: 'hiddenHttpMethodFilter' to: [/*]
2018-08-23 19:30:28.784 [localhost-startStop-1] INFO  o.s.boot.web.servlet.FilterRegistrationBean - Mapping filter: 'httpPutFormContentFilter' to: [/*]
2018-08-23 19:30:28.784 [localhost-startStop-1] INFO  o.s.boot.web.servlet.FilterRegistrationBean - Mapping filter: 'requestContextFilter' to: [/*]
2018-08-23 19:30:28.910 [main] INFO  o.s.web.servlet.handler.SimpleUrlHandlerMapping - Mapped URL path [/**/favicon.ico] onto handler of type [class org.springframework.web.servlet.resource.ResourceHttpRequestHandler]
2018-08-23 19:30:29.075 [main] INFO  o.s.w.s.m.m.a.RequestMappingHandlerAdapter - Looking for @ControllerAdvice: org.springframework.boot.web.servlet.context.AnnotationConfigServletWebServerApplicationContext@3e821657: startup date [Thu Aug 23 19:30:27 CST 2018]; root of context hierarchy
2018-08-23 19:30:29.125 [main] INFO  o.s.w.s.m.m.a.RequestMappingHandlerMapping - Mapped "{[/index]}" onto public java.lang.String com.yanzi.study.lession12.controller.IndexController.index()
2018-08-23 19:30:29.126 [main] INFO  o.s.w.s.m.m.a.RequestMappingHandlerMapping - Mapped "{[/test]}" onto public java.lang.String com.yanzi.study.lession12.TestController.index()
2018-08-23 19:30:29.130 [main] INFO  o.s.w.s.m.m.a.RequestMappingHandlerMapping - Mapped "{[/error]}" onto public org.springframework.http.ResponseEntity<java.util.Map<java.lang.String, java.lang.Object>> org.springframework.boot.autoconfigure.web.servlet.error.BasicErrorController.error(javax.servlet.http.HttpServletRequest)
2018-08-23 19:30:29.131 [main] INFO  o.s.w.s.m.m.a.RequestMappingHandlerMapping - Mapped "{[/error],produces=[text/html]}" onto public org.springframework.web.servlet.ModelAndView org.springframework.boot.autoconfigure.web.servlet.error.BasicErrorController.errorHtml(javax.servlet.http.HttpServletRequest,javax.servlet.http.HttpServletResponse)
2018-08-23 19:30:29.153 [main] INFO  o.s.web.servlet.handler.SimpleUrlHandlerMapping - Mapped URL path [/webjars/**] onto handler of type [class org.springframework.web.servlet.resource.ResourceHttpRequestHandler]
2018-08-23 19:30:29.153 [main] INFO  o.s.web.servlet.handler.SimpleUrlHandlerMapping - Mapped URL path [/**] onto handler of type [class org.springframework.web.servlet.resource.ResourceHttpRequestHandler]
2018-08-23 19:30:29.291 [main] INFO  o.s.jmx.export.annotation.AnnotationMBeanExporter - Registering beans for JMX exposure on startup
2018-08-23 19:30:29.317 [main] INFO  org.apache.coyote.http11.Http11NioProtocol - Starting ProtocolHandler ["http-nio-8080"]
2018-08-23 19:30:29.326 [main] INFO  org.apache.tomcat.util.net.NioSelectorPool - Using a shared selector for servlet write/read
2018-08-23 19:30:29.343 [main] INFO  o.s.boot.web.embedded.tomcat.TomcatWebServer - Tomcat started on port(s): 8080 (http) with context path ''
2018-08-23 19:30:29.347 [main] INFO  com.yanzi.study.StudyApplication - Started StudyApplication in 2.44 seconds (JVM running for 3.779)
2018-08-23 19:31:28.049 [http-nio-8080-exec-2] INFO  o.a.c.core.ContainerBase.[Tomcat].[localhost].[/] - Initializing Spring FrameworkServlet 'dispatcherServlet'
2018-08-23 19:31:28.049 [http-nio-8080-exec-2] INFO  org.springframework.web.servlet.DispatcherServlet - FrameworkServlet 'dispatcherServlet': initialization started
2018-08-23 19:31:28.069 [http-nio-8080-exec-2] INFO  org.springframework.web.servlet.DispatcherServlet - FrameworkServlet 'dispatcherServlet': initialization completed in 20 ms
2018-08-23 19:31:53.705 [http-nio-8080-exec-3] INFO  com.yanzi.study.lession12.TestController - test---->访问了index方法
2018-08-23 19:31:53.705 [http-nio-8080-exec-3] ERROR com.yanzi.study.lession12.TestController - test---->记录error日志
